19:31:54.310 [main] INFO  org.testng.internal.Utils - [TestNG] Running:
  C:\Users\aisha\eclipse-workspace\PetStoreAutomation\testng.xml

19:31:54.747 [main] INFO  api.test.UserTests - *****************creating user*********************
19:32:01.696 [main] INFO  api.test.UserTests - *****************user created successfully*********************
19:32:01.716 [main] INFO  api.test.UserTests - *****************reading user info*********************
19:32:04.626 [main] INFO  api.test.UserTests - *****************info read suucessfully*********************
19:32:04.633 [main] INFO  api.test.UserTests - *****************updating user info*********************
19:32:07.636 [main] INFO  api.test.UserTests - *****************user updated*********************
19:32:07.637 [main] INFO  api.test.UserTests - *****************reading user info*********************
19:32:11.179 [main] INFO  api.test.UserTests - *****************info read suucessfully*********************
19:32:11.189 [main] INFO  api.test.UserTests - *****************deleting user*********************
19:32:14.407 [main] INFO  api.test.UserTests - *****************user deleted successfully*********************
10:28:33.622 [main] INFO  org.testng.internal.Utils - [TestNG] Running:
  C:\Users\aisha\eclipse-workspace\PetStoreAutomation\testng.xml

10:28:33.939 [main] INFO  api.test.UserTests2 - *****************creating user*********************
10:28:38.620 [main] INFO  api.test.UserTests2 - *****************user created successfully*********************
10:28:38.633 [main] INFO  api.test.UserTests2 - *****************reading user info*********************
10:28:40.398 [main] INFO  api.test.UserTests2 - *****************info read suucessfully*********************
10:28:40.407 [main] INFO  api.test.UserTests2 - *****************updating user info*********************
10:28:42.316 [main] INFO  api.test.UserTests2 - *****************user updated*********************
10:28:42.316 [main] INFO  api.test.UserTests2 - *****************reading user info*********************
10:28:45.207 [main] INFO  api.test.UserTests2 - *****************info read suucessfully*********************
10:28:45.210 [main] INFO  api.test.UserTests2 - *****************deleting user*********************
10:28:47.124 [main] INFO  api.test.UserTests2 - *****************user deleted successfully*********************
10:44:36.842 [main] INFO  api.test.UserTests - *****************creating user*********************
10:44:39.112 [main] INFO  api.test.UserTests - *****************user created successfully*********************
10:44:39.115 [main] INFO  api.test.UserTests - *****************reading user info*********************
10:44:41.023 [main] INFO  api.test.UserTests - *****************info read suucessfully*********************
10:44:41.025 [main] INFO  api.test.UserTests - *****************updating user info*********************
10:44:42.620 [main] INFO  api.test.UserTests - *****************user updated*********************
10:44:42.620 [main] INFO  api.test.UserTests - *****************reading user info*********************
10:44:46.165 [main] INFO  api.test.UserTests - *****************info read suucessfully*********************
10:44:46.168 [main] INFO  api.test.UserTests - *****************deleting user*********************
10:44:48.645 [main] INFO  api.test.UserTests - *****************user deleted successfully*********************
10:47:52.458 [main] INFO  api.test.UserTests2 - *****************creating user*********************
10:47:56.578 [main] INFO  api.test.UserTests2 - *****************user created successfully*********************
10:47:56.587 [main] INFO  api.test.UserTests2 - *****************reading user info*********************
10:47:58.461 [main] INFO  api.test.UserTests2 - *****************info read suucessfully*********************
10:47:58.466 [main] INFO  api.test.UserTests2 - *****************updating user info*********************
10:48:01.019 [main] INFO  api.test.UserTests2 - *****************user updated*********************
10:48:01.020 [main] INFO  api.test.UserTests2 - *****************reading user info*********************
10:48:06.241 [main] INFO  api.test.UserTests2 - *****************info read suucessfully*********************
10:48:06.242 [main] INFO  api.test.UserTests2 - *****************deleting user*********************
10:48:08.374 [main] INFO  api.test.UserTests2 - *****************user deleted successfully*********************
11:01:36.613 [main] INFO  api.test.UserTests2 - *****************creating user*********************
11:01:40.994 [main] INFO  api.test.UserTests2 - *****************user created successfully*********************
11:01:41.005 [main] INFO  api.test.UserTests2 - *****************reading user info*********************
11:01:43.087 [main] INFO  api.test.UserTests2 - *****************info read suucessfully*********************
11:01:43.093 [main] INFO  api.test.UserTests2 - *****************updating user info*********************
11:01:45.006 [main] INFO  api.test.UserTests2 - *****************user updated*********************
11:01:45.006 [main] INFO  api.test.UserTests2 - *****************reading user info*********************
11:01:48.122 [main] INFO  api.test.UserTests2 - *****************info read suucessfully*********************
11:01:48.125 [main] INFO  api.test.UserTests2 - *****************deleting user*********************
11:01:49.791 [main] INFO  api.test.UserTests2 - *****************user deleted successfully*********************
